2019-12-30 13:11:09 INFO  BankMain:17 - Welcome to Siegel Bank Console App V 0.1
2019-12-30 13:11:09 INFO  BankMain:23 - Choose option to search Player with below criteria
2019-12-30 13:11:09 INFO  BankMain:24 - 1)By id
2019-12-30 13:11:09 INFO  BankMain:25 - 2)By name
2019-12-30 13:11:09 INFO  BankMain:26 - 3)By dob
2019-12-30 13:11:09 INFO  BankMain:27 - 4)By gender
2019-12-30 13:11:09 INFO  BankMain:28 - 5)By teamname
2019-12-30 13:11:09 INFO  BankMain:29 - 6)Exit
2019-12-30 13:11:09 INFO  BankMain:30 - Enter appropriate choice between(1-6)
2019-12-30 13:11:14 INFO  BankMain:40 - Enter Customer ID to get details. 
2019-12-30 13:11:18 INFO  BankMain:46 - Customer found
2019-12-30 13:11:18 INFO  BankMain:47 - Customer name : Fred Flinstone username : FFfine dob : 2016-01-12 is registered : N
2019-12-30 13:11:18 INFO  BankMain:23 - Choose option to search Player with below criteria
2019-12-30 13:11:18 INFO  BankMain:24 - 1)By id
2019-12-30 13:11:18 INFO  BankMain:25 - 2)By name
2019-12-30 13:11:18 INFO  BankMain:26 - 3)By dob
2019-12-30 13:11:18 INFO  BankMain:27 - 4)By gender
2019-12-30 13:11:18 INFO  BankMain:28 - 5)By teamname
2019-12-30 13:11:18 INFO  BankMain:29 - 6)Exit
2019-12-30 13:11:18 INFO  BankMain:30 - Enter appropriate choice between(1-6)
2019-12-30 13:22:21 INFO  BankMain:23 - Choose option to search Player with below criteria
2019-12-30 13:22:21 INFO  BankMain:24 - 1)By id
2019-12-30 13:22:21 INFO  BankMain:25 - 2)By name
2019-12-30 13:22:21 INFO  BankMain:26 - 3)By dob
2019-12-30 13:22:21 INFO  BankMain:27 - 4)By gender
2019-12-30 13:22:21 INFO  BankMain:28 - 5)By teamname
2019-12-30 13:22:21 INFO  BankMain:29 - 6)Exit
2019-12-30 13:22:21 INFO  BankMain:30 - Enter appropriate choice between(1-6)
2019-12-30 13:22:23 INFO  BankMain:23 - Choose option to search Player with below criteria
2019-12-30 13:22:23 INFO  BankMain:24 - 1)By id
2019-12-30 13:22:23 INFO  BankMain:25 - 2)By name
2019-12-30 13:22:23 INFO  BankMain:26 - 3)By dob
2019-12-30 13:22:23 INFO  BankMain:27 - 4)By gender
2019-12-30 13:22:23 INFO  BankMain:28 - 5)By teamname
2019-12-30 13:22:23 INFO  BankMain:29 - 6)Exit
2019-12-30 13:22:23 INFO  BankMain:30 - Enter appropriate choice between(1-6)
2019-12-30 13:22:30 INFO  BankMain:40 - Enter Customer ID to get details. 
2019-12-30 13:22:32 ERROR BankMain:50 - No customer with matching id : 7
2019-12-30 13:22:32 INFO  BankMain:23 - Choose option to search Player with below criteria
2019-12-30 13:22:32 INFO  BankMain:24 - 1)By id
2019-12-30 13:22:32 INFO  BankMain:25 - 2)By name
2019-12-30 13:22:32 INFO  BankMain:26 - 3)By dob
2019-12-30 13:22:32 INFO  BankMain:27 - 4)By gender
2019-12-30 13:22:32 INFO  BankMain:28 - 5)By teamname
2019-12-30 13:22:32 INFO  BankMain:29 - 6)Exit
2019-12-30 13:22:32 INFO  BankMain:30 - Enter appropriate choice between(1-6)
2019-12-30 13:22:46 INFO  BankMain:40 - Enter Customer ID to get details. 
2019-12-30 13:33:09 INFO  BankMain:19 - Welcome to Siegel Bank Console App V 0.1
2019-12-30 13:33:09 INFO  BankMain:24 - [ 1 ] Login
2019-12-30 13:33:09 INFO  BankMain:25 - [ 2 ] Register
2019-12-30 13:33:09 INFO  BankMain:26 - [ 3 ] Exit
2019-12-30 13:36:14 INFO  BankMain:19 - Welcome to Siegel Bank Console App V 0.1
2019-12-30 13:36:14 INFO  BankMain:24 - [ 1 ] Login
2019-12-30 13:36:14 INFO  BankMain:25 - [ 2 ] Register
2019-12-30 13:36:14 INFO  BankMain:26 - [ 3 ] Exit
2019-12-30 13:36:16 ERROR BankMain:44 - Invalid choice...... Choice should be number between 1-6 only
2019-12-30 13:36:16 INFO  BankMain:24 - [ 1 ] Login
2019-12-30 13:36:16 INFO  BankMain:25 - [ 2 ] Register
2019-12-30 13:36:16 INFO  BankMain:26 - [ 3 ] Exit
2019-12-30 13:36:20 INFO  BankMain:36 - Under construction
2019-12-30 13:36:20 INFO  BankMain:24 - [ 1 ] Login
2019-12-30 13:36:20 INFO  BankMain:25 - [ 2 ] Register
2019-12-30 13:36:20 INFO  BankMain:26 - [ 3 ] Exit
2019-12-30 13:36:31 INFO  BankMain:42 - Exiting application.
2019-12-30 13:36:31 INFO  BankMain:43 - Goodbye!
2019-12-30 13:36:31 ERROR BankMain:44 - Invalid choice...... Choice should be number between 1-6 only
2019-12-30 13:37:17 INFO  BankMain:19 - Welcome to Siegel Bank Console App V 0.1
2019-12-30 13:37:17 INFO  BankMain:24 - [ 1 ] Login
2019-12-30 13:37:17 INFO  BankMain:25 - [ 2 ] Register
2019-12-30 13:37:17 INFO  BankMain:26 - [ 3 ] Exit
2019-12-30 13:37:18 ERROR BankMain:45 - Please make a selection 1 - 3
2019-12-30 13:37:18 INFO  BankMain:24 - [ 1 ] Login
2019-12-30 13:37:18 INFO  BankMain:25 - [ 2 ] Register
2019-12-30 13:37:18 INFO  BankMain:26 - [ 3 ] Exit
2019-12-30 13:37:21 ERROR BankMain:45 - Please make a selection 1 - 3
2019-12-30 13:37:21 INFO  BankMain:24 - [ 1 ] Login
2019-12-30 13:37:21 INFO  BankMain:25 - [ 2 ] Register
2019-12-30 13:37:21 INFO  BankMain:26 - [ 3 ] Exit
2019-12-30 13:37:25 ERROR BankMain:45 - Please make a selection 1 - 3
2019-12-30 13:37:25 INFO  BankMain:24 - [ 1 ] Login
2019-12-30 13:37:25 INFO  BankMain:25 - [ 2 ] Register
2019-12-30 13:37:25 INFO  BankMain:26 - [ 3 ] Exit
2019-12-30 13:38:24 INFO  BankMain:42 - Exiting application.
2019-12-30 13:38:24 INFO  BankMain:43 - Goodbye!
2019-12-30 13:38:29 INFO  BankMain:19 - Welcome to Siegel Bank Console App V 0.1
2019-12-30 13:38:29 INFO  BankMain:20 - Please make a selection 1 - 3
2019-12-30 13:38:29 INFO  BankMain:25 - [ 1 ] Login
2019-12-30 13:38:29 INFO  BankMain:26 - [ 2 ] Register
2019-12-30 13:38:29 INFO  BankMain:27 - [ 3 ] Exit
2019-12-30 13:38:31 INFO  BankMain:40 - Under construction
2019-12-30 13:38:31 INFO  BankMain:25 - [ 1 ] Login
2019-12-30 13:38:31 INFO  BankMain:26 - [ 2 ] Register
2019-12-30 13:38:31 INFO  BankMain:27 - [ 3 ] Exit
2019-12-30 13:38:45 INFO  BankMain:37 - Under construction
2019-12-30 13:38:45 INFO  BankMain:25 - [ 1 ] Login
2019-12-30 13:38:45 INFO  BankMain:26 - [ 2 ] Register
2019-12-30 13:38:45 INFO  BankMain:27 - [ 3 ] Exit
2019-12-30 13:38:48 INFO  BankMain:43 - Exiting application.
2019-12-30 13:38:48 INFO  BankMain:44 - Goodbye!
